<?xml version="1.0" encoding="UTF-8"?>
<testng-results ignored="0" total="5" passed="5" failed="0" skipped="0">
  <reporter-output>
  </reporter-output>
  <suite started-at="2021-01-11T13:40:32 IST" name="Default suite" finished-at="2021-01-11T13:41:58 IST" duration-ms="85561">
    <groups>
    </groups>
    <test started-at="2021-01-11T13:40:32 IST" name="Default test" finished-at="2021-01-11T13:41:58 IST" duration-ms="85561">
      <class name="lennoxPros.lennoxProsTest.LogInPage.LogInpageClass">
        <test-method is-config="true" signature="executeBeforeSuite()[pri:0, instance:lennoxPros.lennoxProsTest.LogInPage.LogInpageClass@79da8dc5]" started-at="2021-01-11T13:40:16 IST" name="executeBeforeSuite" finished-at="2021-01-11T13:40:32 IST" duration-ms="16031" status="PASS">
          <reporter-output>
          </reporter-output>
        </test-method> <!-- executeBeforeSuite -->
        <test-method is-config="true" signature="executeBeforeTest()[pri:0, instance:lennoxPros.lennoxProsTest.LogInPage.LogInpageClass@79da8dc5]" started-at="2021-01-11T13:40:33 IST" name="executeBeforeTest" finished-at="2021-01-11T13:40:35 IST" duration-ms="2060" status="PASS">
          <reporter-output>
          </reporter-output>
        </test-method> <!-- executeBeforeTest -->
        <test-method signature="loginPage()[pri:0, instance:lennoxPros.lennoxProsTest.LogInPage.LogInpageClass@79da8dc5]" started-at="2021-01-11T13:40:35 IST" name="loginPage" finished-at="2021-01-11T13:40:46 IST" duration-ms="11151" status="PASS">
          <reporter-output>
          </reporter-output>
        </test-method> <!-- loginPage -->
        <test-method signature="navigateToAddLeadOption()[pri:0, instance:lennoxPros.lennoxProsTest.LogInPage.LogInpageClass@79da8dc5]" started-at="2021-01-11T13:40:46 IST" name="navigateToAddLeadOption" finished-at="2021-01-11T13:40:57 IST" depends-on-methods="lennoxPros.lennoxProsTest.LogInPage.LogInpageClass.loginPage" duration-ms="11063" status="PASS">
          <reporter-output>
          </reporter-output>
        </test-method> <!-- navigateToAddLeadOption -->
        <test-method signature="newLeadEnrollment(java.lang.String, java.lang.String, java.lang.String, java.lang.String, java.lang.String, java.lang.String, java.lang.String)[pri:0, instance:lennoxPros.lennoxProsTest.LogInPage.LogInpageClass@79da8dc5]" started-at="2021-01-11T13:40:57 IST" name="newLeadEnrollment" data-provider="testDataFromExcel" finished-at="2021-01-11T13:41:26 IST" depends-on-methods="lennoxPros.lennoxProsTest.LogInPage.LogInpageClass.navigateToAddLeadOption" duration-ms="29256" status="PASS">
          <params>
            <param index="0">
              <value>
                <![CDATA[TestFirstName]]>
              </value>
            </param>
            <param index="1">
              <value>
                <![CDATA[TestLastName]]>
              </value>
            </param>
            <param index="2">
              <value>
                <![CDATA[111-881-1234]]>
              </value>
            </param>
            <param index="3">
              <value>
                <![CDATA[test888@gmail.com]]>
              </value>
            </param>
            <param index="4">
              <value>
                <![CDATA[Tue Jan 12 00:00:00 IST 2021]]>
              </value>
            </param>
            <param index="5">
              <value>
                <![CDATA[C:\\Users\\SHANATHRAJ\\Desktop\\ABC_test.doc]]>
              </value>
            </param>
            <param index="6">
              <value>
                <![CDATA[C:\\Users\\SHANATHRAJ\\Desktop\\Dummy.png]]>
              </value>
            </param>
          </params>
          <reporter-output>
          </reporter-output>
        </test-method> <!-- newLeadEnrollment -->
        <test-method signature="newLeadEnrollment(java.lang.String, java.lang.String, java.lang.String, java.lang.String, java.lang.String, java.lang.String, java.lang.String)[pri:0, instance:lennoxPros.lennoxProsTest.LogInPage.LogInpageClass@79da8dc5]" started-at="2021-01-11T13:41:26 IST" name="newLeadEnrollment" data-provider="testDataFromExcel" finished-at="2021-01-11T13:41:43 IST" depends-on-methods="lennoxPros.lennoxProsTest.LogInPage.LogInpageClass.navigateToAddLeadOption" duration-ms="17168" status="PASS">
          <params>
            <param index="0">
              <value>
                <![CDATA[TestFirstName]]>
              </value>
            </param>
            <param index="1">
              <value>
                <![CDATA[TestLastName]]>
              </value>
            </param>
            <param index="2">
              <value>
                <![CDATA[111-881-1234]]>
              </value>
            </param>
            <param index="3">
              <value>
                <![CDATA[test777@gmail.com]]>
              </value>
            </param>
            <param index="4">
              <value>
                <![CDATA[Tue Jan 12 00:00:00 IST 2021]]>
              </value>
            </param>
            <param index="5">
              <value>
                <![CDATA[C:\\Users\\SHANATHRAJ\\Desktop\\ABC_test.doc]]>
              </value>
            </param>
            <param index="6">
              <value>
                <![CDATA[C:\\Users\\SHANATHRAJ\\Desktop\\Dummy.png]]>
              </value>
            </param>
          </params>
          <reporter-output>
          </reporter-output>
        </test-method> <!-- newLeadEnrollment -->
        <test-method signature="newLeadEnrollment(java.lang.String, java.lang.String, java.lang.String, java.lang.String, java.lang.String, java.lang.String, java.lang.String)[pri:0, instance:lennoxPros.lennoxProsTest.LogInPage.LogInpageClass@79da8dc5]" started-at="2021-01-11T13:41:43 IST" name="newLeadEnrollment" data-provider="testDataFromExcel" finished-at="2021-01-11T13:41:58 IST" depends-on-methods="lennoxPros.lennoxProsTest.LogInPage.LogInpageClass.navigateToAddLeadOption" duration-ms="14584" status="PASS">
          <params>
            <param index="0">
              <value>
                <![CDATA[TestFirstName]]>
              </value>
            </param>
            <param index="1">
              <value>
                <![CDATA[TestLastName]]>
              </value>
            </param>
            <param index="2">
              <value>
                <![CDATA[111-881-1234]]>
              </value>
            </param>
            <param index="3">
              <value>
                <![CDATA[test666@gmail.com]]>
              </value>
            </param>
            <param index="4">
              <value>
                <![CDATA[Tue Jan 12 00:00:00 IST 2021]]>
              </value>
            </param>
            <param index="5">
              <value>
                <![CDATA[C:\\Users\\SHANATHRAJ\\Desktop\\ABC_test.doc]]>
              </value>
            </param>
            <param index="6">
              <value>
                <![CDATA[C:\\Users\\SHANATHRAJ\\Desktop\\Dummy.png]]>
              </value>
            </param>
          </params>
          <reporter-output>
          </reporter-output>
        </test-method> <!-- newLeadEnrollment -->
        <test-method is-config="true" signature="executeAfterTest()[pri:0, instance:lennoxPros.lennoxProsTest.LogInPage.LogInpageClass@79da8dc5]" started-at="2021-01-11T13:41:58 IST" name="executeAfterTest" finished-at="2021-01-11T13:41:58 IST" duration-ms="57" status="PASS">
          <reporter-output>
          </reporter-output>
        </test-method> <!-- executeAfterTest -->
        <test-method is-config="true" signature="executeAfterSuite()[pri:0, instance:lennoxPros.lennoxProsTest.LogInPage.LogInpageClass@79da8dc5]" started-at="2021-01-11T13:41:58 IST" name="executeAfterSuite" finished-at="2021-01-11T13:41:59 IST" duration-ms="845" status="PASS">
          <reporter-output>
          </reporter-output>
        </test-method> <!-- executeAfterSuite -->
      </class> <!-- lennoxPros.lennoxProsTest.LogInPage.LogInpageClass -->
    </test> <!-- Default test -->
  </suite> <!-- Default suite -->
</testng-results>
