<?xml version="1.0" encoding="UTF-8"?>
<!-- Generated by org.testng.reporters.JUnitXMLReporter -->
<testsuite ignored="0" hostname="LAPTOP-C9T5OKDJ" failures="0" tests="5" name="Default test" time="85.561" errors="0" timestamp="2021-01-11T13:41:58 IST">
  <testcase classname="lennoxPros.lennoxProsTest.LogInPage.LogInpageClass" name="loginPage" time="11.151"/>
  <testcase classname="lennoxPros.lennoxProsTest.LogInPage.LogInpageClass" name="navigateToAddLeadOption" time="11.063"/>
  <testcase classname="lennoxPros.lennoxProsTest.LogInPage.LogInpageClass" name="newLeadEnrollment" time="29.256"/>
  <testcase classname="lennoxPros.lennoxProsTest.LogInPage.LogInpageClass" name="newLeadEnrollment" time="17.168"/>
  <testcase classname="lennoxPros.lennoxProsTest.LogInPage.LogInpageClass" name="newLeadEnrollment" time="14.584"/>
</testsuite> <!-- Default test -->
