<?xml version="1.0" encoding="UTF-8"?>
<!-- Generated by org.testng.reporters.JUnitXMLReporter -->
<testsuite ignored="0" hostname="LAPTOP-C9T5OKDJ" failures="0" tests="5" name="LennoxProsTest" time="159.808" errors="0" timestamp="2021-01-11T13:01:18 IST">
  <testcase classname="lennoxPros.lennoxProsTest.LogInPage.LogInpageClass" name="loginPage" time="13.625"/>
  <testcase classname="lennoxPros.lennoxProsTest.LogInPage.LogInpageClass" name="navigateToAddLeadOption" time="11.691"/>
  <testcase classname="lennoxPros.lennoxProsTest.LogInPage.LogInpageClass" name="newLeadEnrollment" time="105.211"/>
  <testcase classname="lennoxPros.lennoxProsTest.LogInPage.LogInpageClass" name="newLeadEnrollment" time="13.858"/>
  <testcase classname="lennoxPros.lennoxProsTest.LogInPage.LogInpageClass" name="newLeadEnrollment" time="13.212"/>
</testsuite> <!-- LennoxProsTest -->
